                                 Started job on |	Oct 31 16:17:41
                             Started mapping on |	Oct 31 16:17:41
                                    Finished on |	Oct 31 16:18:44
       Mapping speed, Million of reads per hour |	188.14

                          Number of input reads |	3292375
                      Average input read length |	150
                                    UNIQUE READS:
                   Uniquely mapped reads number |	2830923
                        Uniquely mapped reads % |	85.98%
                          Average mapped length |	148.67
                       Number of splices: Total |	804436
            Number of splices: Annotated (sjdb) |	0
                       Number of splices: GT/AG |	796651
                       Number of splices: GC/AG |	5612
                       Number of splices: AT/AC |	292
               Number of splices: Non-canonical |	1881
                      Mismatch rate per base, % |	0.80%
                         Deletion rate per base |	0.01%
                        Deletion average length |	1.34
                        Insertion rate per base |	0.00%
                       Insertion average length |	1.39
                             MULTI-MAPPING READS:
        Number of reads mapped to multiple loci |	140617
             % of reads mapped to multiple loci |	4.27%
        Number of reads mapped to too many loci |	1084
             % of reads mapped to too many loci |	0.03%
                                  UNMAPPED READS:
  Number of reads unmapped: too many mismatches |	0
       % of reads unmapped: too many mismatches |	0.00%
            Number of reads unmapped: too short |	280906
                 % of reads unmapped: too short |	8.53%
                Number of reads unmapped: other |	38845
                     % of reads unmapped: other |	1.18%
                                  CHIMERIC READS:
                       Number of chimeric reads |	0
                            % of chimeric reads |	0.00%
